<?xml version="1.0" encoding="UTF-8"?>
<!-- Generated by org.testng.reporters.JUnitXMLReporter -->
<testsuite hostname="PC_ABHIJEET" ignored="0" name="testngTest" tests="2" failures="1" timestamp="08 Aug 2018 14:11:35 GMT" time="41.804" errors="0">
  <testcase name="TestcaseLogin" time="16.652" classname="testClass.TestCases"/>
  <testcase name="TestcaseLogin" time="14.282" classname="testClass.TestCases">
    <failure type="java.lang.AssertionError" message="The following asserts failed:
	Login Failed Because Invalid Username Or Passward expected [false] but found [true]">
      <![CDATA[java.lang.AssertionError: The following asserts failed:
Login Failed Because Invalid Username Or Passward expected [false] but found [true]
at pageObjects.RegisterAndLogin.checkLoginSuccess(RegisterAndLogin.java:142)
at pageObjects.RegisterAndLogin.userLogin(RegisterAndLogin.java:34)
at testClass.TestCases.TestcaseLogin(TestCases.java:56)
... Removed 26 stack frames]]>
    </failure>
  </testcase> <!-- TestcaseLogin -->
</testsuite> <!-- testngTest -->
